# JRE version: Java(TM) SE Runtime Environment (8.0_144-b01) (build 1.8.0_144-b01)
# Java VM: Java HotSpot(TM) 64-Bit Server VM (25.144-b01 mixed mode windows-amd64 compressed oops)
Heap:
 PSYoungGen      total 37376K, used 7866K [0x00000000d6000000, 0x00000000d8e80000, 0x0000000100000000)
  eden space 32256K, 9% used [0x00000000d6000000,0x00000000d6307d60,0x00000000d7f80000)
  from space 5120K, 93% used [0x00000000d8000000,0x00000000d84a6e38,0x00000000d8500000)
  to   space 7680K, 0% used [0x00000000d8700000,0x00000000d8700000,0x00000000d8e80000)
 ParOldGen       total 86016K, used 6523K [0x0000000082000000, 0x0000000087400000, 0x00000000d6000000)
  object space 86016K, 7% used [0x0000000082000000,0x000000008265ee28,0x0000000087400000)
 Metaspace       used 14465K, capacity 14634K, committed 14848K, reserved 1062912K
  class space    used 1607K, capacity 1676K, committed 1792K, reserved 1048576K
GC Heap History (10 events):
Event: 2.129 GC heap before
{Heap before GC invocations=1 (full 0):
 PSYoungGen      total 37888K, used 32768K [0x00000000d6000000, 0x00000000d8a00000, 0x0000000100000000)
  eden space 32768K, 100% used [0x00000000d6000000,0x00000000d8000000,0x00000000d8000000)
  from space 5120K, 0% used [0x00000000d8500000,0x00000000d8500000,0x00000000d8a00000)
  to   space 5120K, 0% used [0x00000000d8000000,0x00000000d8000000,0x00000000d8500000)
 ParOldGen       total 86016K, used 0K [0x0000000082000000, 0x0000000087400000, 0x00000000d6000000)
  object space 86016K, 0% used [0x0000000082000000,0x0000000082000000,0x0000000087400000)
 Metaspace       used 7520K, capacity 7574K, committed 7808K, reserved 1056768K
  class space    used 794K, capacity 817K, committed 896K, reserved 1048576K
Event: 2.133 GC heap after
Heap after GC invocations=1 (full 0):
 PSYoungGen      total 37888K, used 2792K [0x00000000d6000000, 0x00000000d8a00000, 0x0000000100000000)
  eden space 32768K, 0% used [0x00000000d6000000,0x00000000d6000000,0x00000000d8000000)
  from space 5120K, 54% used [0x00000000d8000000,0x00000000d82ba1f0,0x00000000d8500000)
  to   space 5120K, 0% used [0x00000000d8500000,0x00000000d8500000,0x00000000d8a00000)
 ParOldGen       total 86016K, used 8K [0x0000000082000000, 0x0000000087400000, 0x00000000d6000000)
  object space 86016K, 0% used [0x0000000082000000,0x0000000082002000,0x0000000087400000)
 Metaspace       used 7520K, capacity 7574K, committed 7808K, reserved 1056768K
  class space    used 794K, capacity 817K, committed 896K, reserved 1048576K
}
Event: 2.965 GC heap before
{Heap before GC invocations=2 (full 0):
 PSYoungGen      total 37888K, used 35560K [0x00000000d6000000, 0x00000000d8a00000, 0x0000000100000000)
  eden space 32768K, 100% used [0x00000000d6000000,0x00000000d8000000,0x00000000d8000000)
  from space 5120K, 54% used [0x00000000d8000000,0x00000000d82ba1f0,0x00000000d8500000)
  to   space 5120K, 0% used [0x00000000d8500000,0x00000000d8500000,0x00000000d8a00000)
 ParOldGen       total 86016K, used 8K [0x0000000082000000, 0x0000000087400000, 0x00000000d6000000)
  object space 86016K, 0% used [0x0000000082000000,0x0000000082002000,0x0000000087400000)
 Metaspace       used 13333K, capacity 13474K, committed 13696K, reserved 1060864K
  class space    used 1476K, capacity 1548K, committed 1664K, reserved 1048576K
Event: 2.969 GC heap after
Heap after GC invocations=2 (full 0):
 PSYoungGen      total 37888K, used 5103K [0x00000000d6000000, 0x00000000d8a00000, 0x0000000100000000)
  eden space 32768K, 0% used [0x00000000d6000000,0x00000000d6000000,0x00000000d8000000)
  from space 5120K, 99% used [0x00000000d8500000,0x00000000d89fbe28,0x00000000d8a00000)
  to   space 5120K, 0% used [0x00000000d8000000,0x00000000d8000000,0x00000000d8500000)
 ParOldGen       total 86016K, used 2156K [0x0000000082000000, 0x0000000087400000, 0x00000000d6000000)
  object space 86016K, 2% used [0x0000000082000000,0x000000008221b0d0,0x0000000087400000)
 Metaspace       used 13333K, capacity 13474K, committed 13696K, reserved 1060864K
  class space    used 1476K, capacity 1548K, committed 1664K, reserved 1048576K
}
Event: 3.380 GC heap before
{Heap before GC invocations=3 (full 0):
 PSYoungGen      total 37888K, used 37871K [0x00000000d6000000, 0x00000000d8a00000, 0x0000000100000000)
  eden space 32768K, 100% used [0x00000000d6000000,0x00000000d8000000,0x00000000d8000000)
  from space 5120K, 99% used [0x00000000d8500000,0x00000000d89fbe28,0x00000000d8a00000)
  to   space 5120K, 0% used [0x00000000d8000000,0x00000000d8000000,0x00000000d8500000)
 ParOldGen       total 86016K, used 2156K [0x0000000082000000, 0x0000000087400000, 0x00000000d6000000)
  object space 86016K, 2% used [0x0000000082000000,0x000000008221b0d0,0x0000000087400000)
 Metaspace       used 14094K, capacity 14306K, committed 14592K, reserved 1062912K
  class space    used 1601K, capacity 1676K, committed 1792K, reserved 1048576K
Event: 3.384 GC heap after
Heap after GC invocations=3 (full 0):
 PSYoungGen      total 37888K, used 5103K [0x00000000d6000000, 0x00000000d8a00000, 0x0000000100000000)
  eden space 32768K, 0% used [0x00000000d6000000,0x00000000d6000000,0x00000000d8000000)
  from space 5120K, 99% used [0x00000000d8000000,0x00000000d84fbe28,0x00000000d8500000)
  to   space 5120K, 0% used [0x00000000d8500000,0x00000000d8500000,0x00000000d8a00000)
 ParOldGen       total 86016K, used 2907K [0x0000000082000000, 0x0000000087400000, 0x00000000d6000000)
  object space 86016K, 3% used [0x0000000082000000,0x00000000822d6df8,0x0000000087400000)
 Metaspace       used 14094K, capacity 14306K, committed 14592K, reserved 1062912K
  class space    used 1601K, capacity 1676K, committed 1792K, reserved 1048576K
}
Event: 15.007 GC heap before
{Heap before GC invocations=4 (full 0):
 PSYoungGen      total 37888K, used 37871K [0x00000000d6000000, 0x00000000d8a00000, 0x0000000100000000)
  eden space 32768K, 100% used [0x00000000d6000000,0x00000000d8000000,0x00000000d8000000)
  from space 5120K, 99% used [0x00000000d8000000,0x00000000d84fbe28,0x00000000d8500000)
  to   space 5120K, 0% used [0x00000000d8500000,0x00000000d8500000,0x00000000d8a00000)
 ParOldGen       total 86016K, used 2907K [0x0000000082000000, 0x0000000087400000, 0x00000000d6000000)
  object space 86016K, 3% used [0x0000000082000000,0x00000000822d6df8,0x0000000087400000)
 Metaspace       used 14288K, capacity 14442K, committed 14848K, reserved 1062912K
  class space    used 1604K, capacity 1676K, committed 1792K, reserved 1048576K
Event: 15.010 GC heap after
Heap after GC invocations=4 (full 0):
 PSYoungGen      total 37888K, used 4299K [0x00000000d6000000, 0x00000000d8a00000, 0x0000000100000000)
  eden space 32768K, 0% used [0x00000000d6000000,0x00000000d6000000,0x00000000d8000000)
  from space 5120K, 83% used [0x00000000d8500000,0x00000000d8932e48,0x00000000d8a00000)
  to   space 5120K, 0% used [0x00000000d8000000,0x00000000d8000000,0x00000000d8500000)
 ParOldGen       total 86016K, used 6515K [0x0000000082000000, 0x0000000087400000, 0x00000000d6000000)
  object space 86016K, 7% used [0x0000000082000000,0x000000008265ce28,0x0000000087400000)
 Metaspace       used 14288K, capacity 14442K, committed 14848K, reserved 1062912K
  class space    used 1604K, capacity 1676K, committed 1792K, reserved 1048576K
}
Event: 47.590 GC heap before
{Heap before GC invocations=5 (full 0):
 PSYoungGen      total 37888K, used 37067K [0x00000000d6000000, 0x00000000d8a00000, 0x0000000100000000)
  eden space 32768K, 100% used [0x00000000d6000000,0x00000000d8000000,0x00000000d8000000)
  from space 5120K, 83% used [0x00000000d8500000,0x00000000d8932e48,0x00000000d8a00000)
  to   space 5120K, 0% used [0x00000000d8000000,0x00000000d8000000,0x00000000d8500000)
 ParOldGen       total 86016K, used 6515K [0x0000000082000000, 0x0000000087400000, 0x00000000d6000000)
  object space 86016K, 7% used [0x0000000082000000,0x000000008265ce28,0x0000000087400000)
 Metaspace       used 14465K, capacity 14634K, committed 14848K, reserved 1062912K
  class space    used 1607K, capacity 1676K, committed 1792K, reserved 1048576K
Event: 47.594 GC heap after
Heap after GC invocations=5 (full 0):
 PSYoungGen      total 37376K, used 4763K [0x00000000d6000000, 0x00000000d8e80000, 0x0000000100000000)
  eden space 32256K, 0% used [0x00000000d6000000,0x00000000d6000000,0x00000000d7f80000)
  from space 5120K, 93% used [0x00000000d8000000,0x00000000d84a6e38,0x00000000d8500000)
  to   space 7680K, 0% used [0x00000000d8700000,0x00000000d8700000,0x00000000d8e80000)
 ParOldGen       total 86016K, used 6523K [0x0000000082000000, 0x0000000087400000, 0x00000000d6000000)
  object space 86016K, 7% used [0x0000000082000000,0x000000008265ee28,0x0000000087400000)
 Metaspace       used 14465K, capacity 14634K, committed 14848K, reserved 1062912K
  class space    used 1607K, capacity 1676K, committed 1792K, reserved 1048576K
}

